path '/home/thomas/code/nix/new-config/hm-modules/pkgs' does not contain a 'flake.nix', searching up
warning: Git tree '/home/thomas/code/nix/new-config' is dirty
path '/home/thomas/code/nix/new-config/hm-modules/pkgs' does not contain a 'flake.nix', searching up
warning: Git tree '/home/thomas/code/nix/new-config' is dirty
path '/home/thomas/code/nix/new-config/hm-modules/pkgs' does not contain a 'flake.nix', searching up
warning: Git tree '/home/thomas/code/nix/new-config' is dirty
path '/home/thomas/code/nix/new-config/hm-modules/pkgs' does not contain a 'flake.nix', searching up
warning: Git tree '/home/thomas/code/nix/new-config' is dirty
error:
       … while calling the 'derivationStrict' builtin
         at <nix/derivation-internal.nix>:37:12:
           36|
           37|   strict = derivationStrict drvAttrs;
             |            ^
           38|

       … while evaluating derivation 'home-manager-generation'
         whose name attribute is located at /nix/store/6dvf3k09y1gs9h4sisybvyqdxcyri8xb-source/pkgs/stdenv/generic/make-derivation.nix:480:13

       … while evaluating attribute 'buildCommand' of derivation 'home-manager-generation'
         at /nix/store/6dvf3k09y1gs9h4sisybvyqdxcyri8xb-source/pkgs/build-support/trivial-builders/default.nix:80:17:
           79|         enableParallelBuilding = true;
           80|         inherit buildCommand name;
             |                 ^
           81|         passAsFile = [ "buildCommand" ] ++ (derivationArgs.passAsFile or [ ]);

       … while evaluating the option `home.file.".config/hypr/hypridle.conf".source':

       … while evaluating definitions from `/nix/store/a4la088hi5id7sw77gy9zdvwn83dgczz-source/modules/files.nix':

       … while evaluating the option `home.file.".config/hypr/hypridle.conf".text':

       … while evaluating definitions from `/nix/store/s20v5dr484h8cf6kkps85r81iana7sh0-source/hm-modules/pkgs/opt-hypridle.nix':

       (stack trace truncated; use '--show-trace' to show the full, detailed trace)

       error: cannot coerce an integer to a string: 30
